# Logfile created on 2014-02-03 22:28:15 +0000 by logger.rb/44203
I, [2014-02-03T22:28:15.587365 #6677]  INFO -- : 0:  rack (1.5.2) from /Users/Ayaz/.rvm/gems/ruby-2.1.0/specifications/rack-1.5.2.gemspec
I, [2014-02-03T22:28:15.587709 #6677]  INFO -- : 0:  rack-protection (1.5.2) from /Users/Ayaz/.rvm/gems/ruby-2.1.0/specifications/rack-protection-1.5.2.gemspec
I, [2014-02-03T22:28:15.587994 #6677]  INFO -- : 0:  shotgun (0.9) from /Users/Ayaz/.rvm/gems/ruby-2.1.0/specifications/shotgun-0.9.gemspec
I, [2014-02-03T22:28:15.588284 #6677]  INFO -- : 0:  tilt (1.4.1) from /Users/Ayaz/.rvm/gems/ruby-2.1.0/specifications/tilt-1.4.1.gemspec
I, [2014-02-03T22:28:15.588558 #6677]  INFO -- : 0:  sinatra (1.4.4) from /Users/Ayaz/.rvm/gems/ruby-2.1.0/specifications/sinatra-1.4.4.gemspec
I, [2014-02-03T22:28:15.588819 #6677]  INFO -- : 0:  bundler (1.5.1) from /Users/Ayaz/.rvm/gems/ruby-2.1.0/specifications/bundler-1.5.1.gemspec
I, [2014-02-05T14:20:57.348794 #3537]  INFO -- : 0:  rack (1.5.2) from /Users/Ayaz/.rvm/gems/ruby-2.1.0/specifications/rack-1.5.2.gemspec
I, [2014-02-05T14:20:57.360045 #3537]  INFO -- : 0:  rack-protection (1.5.2) from /Users/Ayaz/.rvm/gems/ruby-2.1.0/specifications/rack-protection-1.5.2.gemspec
I, [2014-02-05T14:20:57.360794 #3537]  INFO -- : 0:  shotgun (0.9) from /Users/Ayaz/.rvm/gems/ruby-2.1.0/specifications/shotgun-0.9.gemspec
I, [2014-02-05T14:20:57.361452 #3537]  INFO -- : 0:  tilt (1.4.1) from /Users/Ayaz/.rvm/gems/ruby-2.1.0/specifications/tilt-1.4.1.gemspec
I, [2014-02-05T14:20:57.361977 #3537]  INFO -- : 0:  sinatra (1.4.4) from /Users/Ayaz/.rvm/gems/ruby-2.1.0/specifications/sinatra-1.4.4.gemspec
I, [2014-02-05T14:21:00.277182 #3537]  INFO -- : 0:  sinatra-partial (0.4.0) from /Users/Ayaz/.rvm/gems/ruby-2.1.0/specifications/sinatra-partial-0.4.0.gemspec
I, [2014-02-05T14:21:00.277856 #3537]  INFO -- : 0:  bundler (1.5.1) from /Users/Ayaz/.rvm/gems/ruby-2.1.0/specifications/bundler-1.5.1.gemspec
I, [2014-02-05T15:32:36.197054 #4189]  INFO -- : 0:  rack (1.5.2) from /Users/Ayaz/.rvm/gems/ruby-2.1.0/specifications/rack-1.5.2.gemspec
I, [2014-02-05T15:32:39.224093 #4189]  INFO -- : 0:  rack-flash3 (1.0.5) from /Users/Ayaz/.rvm/gems/ruby-2.1.0/specifications/rack-flash3-1.0.5.gemspec
I, [2014-02-05T15:32:39.226169 #4189]  INFO -- : 0:  rack-protection (1.5.2) from /Users/Ayaz/.rvm/gems/ruby-2.1.0/specifications/rack-protection-1.5.2.gemspec
I, [2014-02-05T15:32:39.226467 #4189]  INFO -- : 0:  shotgun (0.9) from /Users/Ayaz/.rvm/gems/ruby-2.1.0/specifications/shotgun-0.9.gemspec
I, [2014-02-05T15:32:39.226743 #4189]  INFO -- : 0:  tilt (1.4.1) from /Users/Ayaz/.rvm/gems/ruby-2.1.0/specifications/tilt-1.4.1.gemspec
I, [2014-02-05T15:32:39.227015 #4189]  INFO -- : 0:  sinatra (1.4.4) from /Users/Ayaz/.rvm/gems/ruby-2.1.0/specifications/sinatra-1.4.4.gemspec
I, [2014-02-05T15:32:39.227310 #4189]  INFO -- : 0:  sinatra-partial (0.4.0) from /Users/Ayaz/.rvm/gems/ruby-2.1.0/specifications/sinatra-partial-0.4.0.gemspec
I, [2014-02-05T15:32:39.227562 #4189]  INFO -- : 0:  bundler (1.5.1) from /Users/Ayaz/.rvm/gems/ruby-2.1.0/specifications/bundler-1.5.1.gemspec
I, [2014-02-07T17:16:36.677176 #5681]  INFO -- : 0:  newrelic_rpm (3.7.2.192) from /Users/Ayaz/.rvm/gems/ruby-2.1.0/specifications/newrelic_rpm-3.7.2.192.gemspec
I, [2014-02-07T17:16:36.696776 #5681]  INFO -- : 0:  rack (1.5.2) from /Users/Ayaz/.rvm/gems/ruby-2.1.0/specifications/rack-1.5.2.gemspec
I, [2014-02-07T17:16:36.697653 #5681]  INFO -- : 0:  rack-flash3 (1.0.5) from /Users/Ayaz/.rvm/gems/ruby-2.1.0/specifications/rack-flash3-1.0.5.gemspec
I, [2014-02-07T17:16:36.698396 #5681]  INFO -- : 0:  rack-protection (1.5.2) from /Users/Ayaz/.rvm/gems/ruby-2.1.0/specifications/rack-protection-1.5.2.gemspec
I, [2014-02-07T17:16:36.698956 #5681]  INFO -- : 0:  shotgun (0.9) from /Users/Ayaz/.rvm/gems/ruby-2.1.0/specifications/shotgun-0.9.gemspec
I, [2014-02-07T17:16:36.699505 #5681]  INFO -- : 0:  tilt (1.4.1) from /Users/Ayaz/.rvm/gems/ruby-2.1.0/specifications/tilt-1.4.1.gemspec
I, [2014-02-07T17:16:36.700069 #5681]  INFO -- : 0:  sinatra (1.4.4) from /Users/Ayaz/.rvm/gems/ruby-2.1.0/specifications/sinatra-1.4.4.gemspec
I, [2014-02-07T17:16:36.700675 #5681]  INFO -- : 0:  sinatra-partial (0.4.0) from /Users/Ayaz/.rvm/gems/ruby-2.1.0/specifications/sinatra-partial-0.4.0.gemspec
I, [2014-02-07T17:16:36.701234 #5681]  INFO -- : 0:  bundler (1.5.1) from /Users/Ayaz/.rvm/gems/ruby-2.1.0/specifications/bundler-1.5.1.gemspec
